[INFO] Scanning for projects...
[INFO] 
[INFO] ------------------------< com.example:library >-------------------------
[INFO] Building library 0.0.1-SNAPSHOT
[INFO]   from pom.xml
[INFO] --------------------------------[ jar ]---------------------------------
[INFO] 
[INFO] --- clean:3.3.2:clean (default-clean) @ library ---
[INFO] Deleting C:\Users\saira\Downloads\Library_Book\library\backend\target
[INFO] 
[INFO] --- resources:3.3.1:resources (default-resources) @ library ---
[INFO] Copying 1 resource from src\main\resources to target\classes
[INFO] Copying 0 resource from src\main\resources to target\classes
[INFO] 
[INFO] --- compiler:3.11.0:compile (default-compile) @ library ---
[INFO] Changes detected - recompiling the module! :source
[INFO] Compiling 17 source files with javac [debug release 17] to target\classes
[INFO] 
[INFO] --- resources:3.3.1:testResources (default-testResources) @ library ---
[INFO] Copying 1 resource from src\test\resources to target\test-classes
[INFO] 
[INFO] --- compiler:3.11.0:testCompile (default-testCompile) @ library ---
[INFO] Changes detected - recompiling the module! :dependency
[INFO] Compiling 1 source file with javac [debug release 17] to target\test-classes
[INFO] 
[INFO] --- surefire:3.1.2:test (default-test) @ library ---
[INFO] Using auto detected provider org.apache.maven.surefire.junitplatform.JUnitPlatformProvider
[INFO] 
[INFO] -------------------------------------------------------
[INFO]  T E S T S
[INFO] -------------------------------------------------------
[INFO] Running com.example.library.LibraryApplicationTests
16:44:08.658 [main] INFO org.springframework.test.context.support.AnnotationConfigContextLoaderUtils -- Could not detect default configuration classes for test class [com.example.library.LibraryApplicationTests]: LibraryApplicationTests does not declare any static, non-private, non-final, nested classes annotated with @Configuration.
16:44:08.777 [main] INFO org.springframework.boot.test.context.SpringBootTestContextBootstrapper -- Found @SpringBootConfiguration com.example.library.LibraryApplication for test class com.example.library.LibraryApplicationTests

  .   ____          _            __ _ _
 /\\ / ___'_ __ _ _(_)_ __  __ _ \ \ \ \
( ( )\___ | '_ | '_| | '_ \/ _` | \ \ \ \
 \\/  ___)| |_)| | | | | || (_| |  ) ) ) )
  '  |____| .__|_| |_|_| |_\__, | / / / /
 =========|_|==============|___/=/_/_/_/
 :: Spring Boot ::                (v3.2.0)

2025-12-07T16:44:09.273+05:30  INFO 14316 --- [           main] c.e.library.LibraryApplicationTests      : Starting LibraryApplicationTests using Java 17.0.8 with PID 14316 (started by saira in C:\Users\saira\Downloads\Library_Book\library\backend)
2025-12-07T16:44:09.274+05:30  INFO 14316 --- [           main] c.e.library.LibraryApplicationTests      : No active profile set, falling back to 1 default profile: "default"
2025-12-07T16:44:10.011+05:30  INFO 14316 --- [           main] .s.d.r.c.RepositoryConfigurationDelegate : Bootstrapping Spring Data JPA repositories in DEFAULT mode.
2025-12-07T16:44:10.086+05:30  INFO 14316 --- [           main] .s.d.r.c.RepositoryConfigurationDelegate : Finished Spring Data repository scanning in 63 ms. Found 3 JPA repository interfaces.
2025-12-07T16:44:10.649+05:30  INFO 14316 --- [           main] com.zaxxer.hikari.HikariDataSource       : HikariPool-1 - Starting...
2025-12-07T16:44:10.923+05:30  INFO 14316 --- [           main] com.zaxxer.hikari.pool.HikariPool        : HikariPool-1 - Added connection conn0: url=jdbc:h2:mem:testdb user=SA
2025-12-07T16:44:10.924+05:30  INFO 14316 --- [           main] com.zaxxer.hikari.HikariDataSource       : HikariPool-1 - Start completed.
2025-12-07T16:44:10.981+05:30  INFO 14316 --- [           main] o.hibernate.jpa.internal.util.LogHelper  : HHH000204: Processing PersistenceUnitInfo [name: default]
2025-12-07T16:44:11.063+05:30  INFO 14316 --- [           main] org.hibernate.Version                    : HHH000412: Hibernate ORM core version 6.3.1.Final
2025-12-07T16:44:11.108+05:30  INFO 14316 --- [           main] o.h.c.internal.RegionFactoryInitiator    : HHH000026: Second-level cache disabled
2025-12-07T16:44:11.472+05:30  INFO 14316 --- [           main] o.s.o.j.p.SpringPersistenceUnitInfo      : No LoadTimeWeaver setup: ignoring JPA class transformer
2025-12-07T16:44:11.530+05:30  WARN 14316 --- [           main] org.hibernate.orm.deprecation            : HHH90000025: H2Dialect does not need to be specified explicitly using 'hibernate.dialect' (remove the property setting and it will be selected by default)
2025-12-07T16:44:12.381+05:30  INFO 14316 --- [           main] o.h.e.t.j.p.i.JtaPlatformInitiator       : HHH000489: No JTA platform available (set 'hibernate.transaction.jta.platform' to enable JTA platform integration)
2025-12-07T16:44:12.426+05:30  INFO 14316 --- [           main] j.LocalContainerEntityManagerFactoryBean : Initialized JPA EntityManagerFactory for persistence unit 'default'
2025-12-07T16:44:12.970+05:30  WARN 14316 --- [           main] JpaBaseConfiguration$JpaWebConfiguration : spring.jpa.open-in-view is enabled by default. Therefore, database queries may be performed during view rendering. Explicitly configure spring.jpa.open-in-view to disable this warning
2025-12-07T16:44:13.419+05:30  INFO 14316 --- [           main] o.s.s.web.DefaultSecurityFilterChain     : Will secure any request with [org.springframework.security.web.session.DisableEncodeUrlFilter@2389f546, org.springframework.security.web.context.request.async.WebAsyncManagerIntegrationFilter@5b6ec94a, org.springframework.security.web.context.SecurityContextHolderFilter@684bfba9, org.springframework.security.web.header.HeaderWriterFilter@7e24a2e2, org.springframework.web.filter.CorsFilter@64745270, org.springframework.security.web.authentication.logout.LogoutFilter@2165d4ab, com.example.library.security.JwtFilter@7fdf7359, org.springframework.security.web.savedrequest.RequestCacheAwareFilter@6859bbd4, org.springframework.security.web.servletapi.SecurityContextHolderAwareRequestFilter@4a225014, org.springframework.security.web.authentication.AnonymousAuthenticationFilter@596d17f4, org.springframework.security.web.session.SessionManagementFilter@be186df, org.springframework.security.web.access.ExceptionTranslationFilter@4c89c98a, org.springframework.security.web.access.intercept.AuthorizationFilter@5325674a]
2025-12-07T16:44:13.926+05:30  INFO 14316 --- [           main] c.e.library.LibraryApplicationTests      : Started LibraryApplicationTests in 4.966 seconds (process running for 5.889)
Java HotSpot(TM) 64-Bit Server VM warning: Sharing is only supported for boot loader classes because bootstrap classpath has been appended
[INFO] Tests run: 1, Failures: 0, Errors: 0, Skipped: 0, Time elapsed: 6.234 s -- in com.example.library.LibraryApplicationTests
[INFO] 
[INFO] Results:
[INFO] 
[INFO] Tests run: 1, Failures: 0, Errors: 0, Skipped: 0
[INFO] 
[INFO] 
[INFO] --- jar:3.3.0:jar (default-jar) @ library ---
[INFO] Building jar: C:\Users\saira\Downloads\Library_Book\library\backend\target\library-0.0.1-SNAPSHOT.jar
[INFO] 
[INFO] --- spring-boot:3.2.0:repackage (repackage) @ library ---
[INFO] Replacing main artifact C:\Users\saira\Downloads\Library_Book\library\backend\target\library-0.0.1-SNAPSHOT.jar with repackaged archive, adding nested dependencies in BOOT-INF/.
[INFO] The original artifact has been renamed to C:\Users\saira\Downloads\Library_Book\library\backend\target\library-0.0.1-SNAPSHOT.jar.original
[INFO] 
[INFO] --- install:3.1.1:install (default-install) @ library ---
[INFO] Installing C:\Users\saira\Downloads\Library_Book\library\backend\pom.xml to C:\Users\saira\.m2\repository\com\example\library\0.0.1-SNAPSHOT\library-0.0.1-SNAPSHOT.pom
[INFO] Installing C:\Users\saira\Downloads\Library_Book\library\backend\target\library-0.0.1-SNAPSHOT.jar to C:\Users\saira\.m2\repository\com\example\library\0.0.1-SNAPSHOT\library-0.0.1-SNAPSHOT.jar
[INFO] ------------------------------------------------------------------------
[INFO] BUILD SUCCESS
[INFO] ------------------------------------------------------------------------
[INFO] Total time:  11.889 s
[INFO] Finished at: 2025-12-07T16:44:16+05:30
[INFO] ------------------------------------------------------------------------
