[INFO] Scanning for projects...
[INFO] 
[INFO] ------------------------< com.example:library >-------------------------
[INFO] Building library 0.0.1-SNAPSHOT
[INFO]   from pom.xml
[INFO] --------------------------------[ jar ]---------------------------------
[INFO] 
[INFO] >>> spring-boot:3.2.0:run (default-cli) > test-compile @ library >>>
[INFO] 
[INFO] --- resources:3.3.1:resources (default-resources) @ library ---
[INFO] Copying 1 resource from src\main\resources to target\classes
[INFO] Copying 0 resource from src\main\resources to target\classes
[INFO] 
[INFO] --- compiler:3.11.0:compile (default-compile) @ library ---
[INFO] Nothing to compile - all classes are up to date
[INFO] 
[INFO] --- resources:3.3.1:testResources (default-testResources) @ library ---
[INFO] Copying 1 resource from src\test\resources to target\test-classes
[INFO] 
[INFO] --- compiler:3.11.0:testCompile (default-testCompile) @ library ---
[INFO] Nothing to compile - all classes are up to date
[INFO] 
[INFO] <<< spring-boot:3.2.0:run (default-cli) < test-compile @ library <<<
[INFO] 
[INFO] 
[INFO] --- spring-boot:3.2.0:run (default-cli) @ library ---
[INFO] Attaching agents: []

  .   ____          _            __ _ _
 /\\ / ___'_ __ _ _(_)_ __  __ _ \ \ \ \
( ( )\___ | '_ | '_| | '_ \/ _` | \ \ \ \
 \\/  ___)| |_)| | | | | || (_| |  ) ) ) )
  '  |____| .__|_| |_|_| |_\__, | / / / /
 =========|_|==============|___/=/_/_/_/
 :: Spring Boot ::                (v3.2.0)

2025-12-07T16:39:16.273+05:30  INFO 28312 --- [           main] com.example.library.LibraryApplication   : Starting LibraryApplication using Java 17.0.8 with PID 28312 (C:\Users\saira\Downloads\Library_Book\library\backend\target\classes started by saira in C:\Users\saira\Downloads\Library_Book\library\backend)
2025-12-07T16:39:16.275+05:30  INFO 28312 --- [           main] com.example.library.LibraryApplication   : No active profile set, falling back to 1 default profile: "default"
2025-12-07T16:39:16.818+05:30  INFO 28312 --- [           main] .s.d.r.c.RepositoryConfigurationDelegate : Bootstrapping Spring Data JPA repositories in DEFAULT mode.
2025-12-07T16:39:16.870+05:30  INFO 28312 --- [           main] .s.d.r.c.RepositoryConfigurationDelegate : Finished Spring Data repository scanning in 46 ms. Found 3 JPA repository interfaces.
2025-12-07T16:39:17.284+05:30  INFO 28312 --- [           main] o.s.b.w.embedded.tomcat.TomcatWebServer  : Tomcat initialized with port 8080 (http)
2025-12-07T16:39:17.292+05:30  INFO 28312 --- [           main] o.apache.catalina.core.StandardService   : Starting service [Tomcat]
2025-12-07T16:39:17.292+05:30  INFO 28312 --- [           main] o.apache.catalina.core.StandardEngine    : Starting Servlet engine: [Apache Tomcat/10.1.16]
2025-12-07T16:39:17.339+05:30  INFO 28312 --- [           main] o.a.c.c.C.[Tomcat].[localhost].[/]       : Initializing Spring embedded WebApplicationContext
2025-12-07T16:39:17.340+05:30  INFO 28312 --- [           main] w.s.c.ServletWebServerApplicationContext : Root WebApplicationContext: initialization completed in 1021 ms
2025-12-07T16:39:17.364+05:30  INFO 28312 --- [           main] com.zaxxer.hikari.HikariDataSource       : HikariPool-1 - Starting...
2025-12-07T16:39:17.496+05:30  INFO 28312 --- [           main] com.zaxxer.hikari.pool.HikariPool        : HikariPool-1 - Added connection conn0: url=jdbc:h2:mem:librarydb user=SA
2025-12-07T16:39:17.498+05:30  INFO 28312 --- [           main] com.zaxxer.hikari.HikariDataSource       : HikariPool-1 - Start completed.
2025-12-07T16:39:17.506+05:30  INFO 28312 --- [           main] o.s.b.a.h2.H2ConsoleAutoConfiguration    : H2 console available at '/h2-console'. Database available at 'jdbc:h2:mem:librarydb'
2025-12-07T16:39:17.573+05:30  INFO 28312 --- [           main] o.hibernate.jpa.internal.util.LogHelper  : HHH000204: Processing PersistenceUnitInfo [name: default]
2025-12-07T16:39:17.609+05:30  INFO 28312 --- [           main] org.hibernate.Version                    : HHH000412: Hibernate ORM core version 6.3.1.Final
2025-12-07T16:39:17.634+05:30  INFO 28312 --- [           main] o.h.c.internal.RegionFactoryInitiator    : HHH000026: Second-level cache disabled
2025-12-07T16:39:17.815+05:30  INFO 28312 --- [           main] o.s.o.j.p.SpringPersistenceUnitInfo      : No LoadTimeWeaver setup: ignoring JPA class transformer
2025-12-07T16:39:17.862+05:30  WARN 28312 --- [           main] org.hibernate.orm.deprecation            : HHH90000025: H2Dialect does not need to be specified explicitly using 'hibernate.dialect' (remove the property setting and it will be selected by default)
2025-12-07T16:39:18.454+05:30  INFO 28312 --- [           main] o.h.e.t.j.p.i.JtaPlatformInitiator       : HHH000489: No JTA platform available (set 'hibernate.transaction.jta.platform' to enable JTA platform integration)
Hibernate: 
    create table books (
        id bigint generated by default as identity,
        author varchar(255),
        copies_available integer not null,
        copies_total integer not null,
        title varchar(255),
        primary key (id)
    )
Hibernate: 
    create table loans (
        id bigint generated by default as identity,
        issue_date date,
        return_date date,
        book_id bigint,
        user_id bigint,
        primary key (id)
    )
Hibernate: 
    create table users (
        id bigint generated by default as identity,
        email varchar(255),
        name varchar(255),
        password varchar(255),
        role varchar(255),
        primary key (id)
    )
Hibernate: 
    alter table if exists users 
       drop constraint if exists UK_6dotkott2kjsp8vw4d0m25fb7
Hibernate: 
    alter table if exists users 
       add constraint UK_6dotkott2kjsp8vw4d0m25fb7 unique (email)
Hibernate: 
    alter table if exists loans 
       add constraint FKokwvlrv6o4i4h3le3bwhe6kie 
       foreign key (book_id) 
       references books
Hibernate: 
    alter table if exists loans 
       add constraint FK6xxlcjc0rqtn5nq28vjnx5t9d 
       foreign key (user_id) 
       references users
2025-12-07T16:39:18.520+05:30  INFO 28312 --- [           main] j.LocalContainerEntityManagerFactoryBean : Initialized JPA EntityManagerFactory for persistence unit 'default'
2025-12-07T16:39:18.888+05:30  WARN 28312 --- [           main] JpaBaseConfiguration$JpaWebConfiguration : spring.jpa.open-in-view is enabled by default. Therefore, database queries may be performed during view rendering. Explicitly configure spring.jpa.open-in-view to disable this warning
2025-12-07T16:39:19.085+05:30  INFO 28312 --- [           main] o.s.s.web.DefaultSecurityFilterChain     : Will secure any request with [org.springframework.security.web.session.DisableEncodeUrlFilter@7d1cfe97, org.springframework.security.web.context.request.async.WebAsyncManagerIntegrationFilter@66b62332, org.springframework.security.web.context.SecurityContextHolderFilter@2fa4888c, org.springframework.security.web.header.HeaderWriterFilter@4bc4ec43, org.springframework.web.filter.CorsFilter@1822a61b, org.springframework.security.web.authentication.logout.LogoutFilter@519eab1e, com.example.library.security.JwtFilter@42150951, org.springframework.security.web.savedrequest.RequestCacheAwareFilter@47cf65f1, org.springframework.security.web.servletapi.SecurityContextHolderAwareRequestFilter@156f0281, org.springframework.security.web.authentication.AnonymousAuthenticationFilter@240f712e, org.springframework.security.web.session.SessionManagementFilter@62fbefad, org.springframework.security.web.access.ExceptionTranslationFilter@45494046, org.springframework.security.web.access.intercept.AuthorizationFilter@49ea4b65]
2025-12-07T16:39:19.271+05:30  INFO 28312 --- [           main] o.s.b.w.embedded.tomcat.TomcatWebServer  : Tomcat started on port 8080 (http) with context path ''
2025-12-07T16:39:19.277+05:30  INFO 28312 --- [           main] com.example.library.LibraryApplication   : Started LibraryApplication in 3.291 seconds (process running for 3.565)
2025-12-07T16:39:52.671+05:30  INFO 28312 --- [ionShutdownHook] j.LocalContainerEntityManagerFactoryBean : Closing JPA EntityManagerFactory for persistence unit 'default'
2025-12-07T16:39:52.674+05:30  INFO 28312 --- [ionShutdownHook] com.zaxxer.hikari.HikariDataSource       : HikariPool-1 - Shutdown initiated...
2025-12-07T16:39:52.676+05:30  INFO 28312 --- [ionShutdownHook] com.zaxxer.hikari.HikariDataSource       : HikariPool-1 - Shutdown completed.
[INFO] ------------------------------------------------------------------------
[INFO] BUILD SUCCESS
[INFO] ------------------------------------------------------------------------
[INFO] Total time:  38.947 s
[INFO] Finished at: 2025-12-07T16:39:52+05:30
[INFO] ------------------------------------------------------------------------
